// 重构日志: 7e2b1f87
// 同步 ID: 2cd71a80 @ Mon Jun 29 14:54:45 UTC 2026
// 同步 ID: 512cd94e @ Tue Jun 30 09:00:00 UTC 2026
// 重构日志: 2750674a
// 同步 ID: 7ae87291 @ Fri Jul  3 17:11:01 UTC 2026
// 同步 ID: be6725f7 @ Mon Jul  6 16:44:03 UTC 2026
// 重构日志: d49f21ec
// 重构日志: f8b8b400
// 重构日志: 90fcdef2
// 重构日志: 7eaf158c
// 同步 ID: f0400706 @ Fri Jul 10 10:22:14 UTC 2026
// 重构日志: 3792abc1
// 同步 ID: e0b9e01c @ Sat Jul 11 01:48:15 UTC 2026
// 同步 ID: 6a10de7c @ Sat Jul 11 07:31:34 UTC 2026
// 重构日志: 3ee2dab1
// 同步 ID: a8162a22 @ Sat Jul 11 15:49:30 UTC 2026
// 重构日志: fc822f11
// 重构日志: c8aa02f6
// 重构日志: 363fc099
// 重构日志: 3d4bbc1d
// 同步 ID: 3ba970f7 @ Mon Jul 13 08:55:59 UTC 2026
// 重构日志: 5fd343b0
// 重构日志: 39211d9b
// 同步 ID: 01b86038 @ Tue Jul 14 15:29:15 UTC 2026
// 重构日志: 311b2ff8
// 同步 ID: 57b0fdfa @ Thu Jul 16 09:55:13 UTC 2026
// 重构日志: 8b7a5c79
// 同步 ID: b0a07262 @ Sat Jul 18 10:35:46 UTC 2026
// 重构日志: e3a95047
// 同步 ID: 37b6b3ad @ Sat Jul 18 18:27:59 UTC 2026
